<?xml version="1.0" encoding="UTF-8"?>
<coverage generated="1571288779501" clover="3.2.0">
  <project timestamp="1571288779501" name="All files">
    <metrics statements="20" coveredstatements="7" conditionals="2" coveredconditionals="2" methods="14" coveredmethods="4" elements="36" coveredelements="13" complexity="0" loc="20" ncloc="20" packages="1" files="5" classes="5"/>
    <file name="App.jsx" path="/Users/d.parson/Documents/GitHub/reviews/client/App.jsx">
      <metrics statements="9" coveredstatements="7" conditionals="2" coveredconditionals="2" methods="5" coveredmethods="4"/>
      <line num="13" count="1" type="stmt"/>
      <line num="14" count="1" type="stmt"/>
      <line num="20" count="1" type="stmt"/>
      <line num="24" count="1" type="stmt"/>
      <line num="25" count="1" type="cond" truecount="2" falsecount="0"/>
      <line num="27" count="1" type="stmt"/>
      <line num="29" count="0" type="stmt"/>
      <line num="30" count="0" type="stmt"/>
      <line num="38" count="1" type="stmt"/>
    </file>
    <file name="Ratings.jsx" path="/Users/d.parson/Documents/GitHub/reviews/client/Ratings.jsx">
      <metrics statements="2" coveredstatements="0" conditionals="0" coveredconditionals="0" methods="2" coveredmethods="0"/>
      <line num="8" count="0" type="stmt"/>
      <line num="11" count="0" type="stmt"/>
    </file>
    <file name="ReviewList.jsx" path="/Users/d.parson/Documents/GitHub/reviews/client/ReviewList.jsx">
      <metrics statements="4" coveredstatements="0" conditionals="0" coveredconditionals="0" methods="3" coveredmethods="0"/>
      <line num="7" count="0" type="stmt"/>
      <line num="10" count="0" type="stmt"/>
      <line num="11" count="0" type="stmt"/>
      <line num="14" count="0" type="stmt"/>
    </file>
    <file name="ReviewListItem.jsx" path="/Users/d.parson/Documents/GitHub/reviews/client/ReviewListItem.jsx">
      <metrics statements="3" coveredstatements="0" conditionals="0" coveredconditionals="0" methods="2" coveredmethods="0"/>
      <line num="6" count="0" type="stmt"/>
      <line num="9" count="0" type="stmt"/>
      <line num="12" count="0" type="stmt"/>
    </file>
    <file name="Search.jsx" path="/Users/d.parson/Documents/GitHub/reviews/client/Search.jsx">
      <metrics statements="2" coveredstatements="0" conditionals="0" coveredconditionals="0" methods="2" coveredmethods="0"/>
      <line num="7" count="0" type="stmt"/>
      <line num="10" count="0" type="stmt"/>
    </file>
  </project>
</coverage>
